[ 2017-09-17T16:38:40+08:00 ] ::1 /fourth/4.3/
INFO: [ app_init ] --START--
INFO: Run Behavior\BuildLiteBehavior [ RunTime:0.000000s ]
INFO: [ app_init ] --END-- [ RunTime:0.035002s ]
INFO: [ app_begin ] --START--
INFO: Run Behavior\ReadHtmlCacheBehavior [ RunTime:0.015001s ]
INFO: [ app_begin ] --END-- [ RunTime:0.015001s ]
INFO: [ app_end ] --START--
INFO: Run Behavior\ShowPageTraceBehavior [ RunTime:0.012000s ]
INFO: [ app_end ] --END-- [ RunTime:0.014000s ]

[ 2017-09-17T16:38:53+08:00 ] ::1 /fourth/4.3/
INFO: [ app_init ] --START--
INFO: Run Behavior\BuildLiteBehavior [ RunTime:0.001000s ]
INFO: [ app_init ] --END-- [ RunTime:0.001000s ]
INFO: [ app_begin ] --START--
INFO: Run Behavior\ReadHtmlCacheBehavior [ RunTime:0.001000s ]
INFO: [ app_begin ] --END-- [ RunTime:0.001000s ]
NOTIC: [2] simplexml_load_string(): Entity: line 6: parser error : Premature end of data in tag xml line 2 F:\wamp64\www\fourth\4.3\Apps\Weixin\Controller\IndexController.class.php 第 25 行.
NOTIC: [2] simplexml_load_string(): &lt;Event&gt;&lt;![CDATA[subscribe]]&gt;&lt;/Event&gt; F:\wamp64\www\fourth\4.3\Apps\Weixin\Controller\IndexController.class.php 第 25 行.
NOTIC: [2] simplexml_load_string():                                     ^ F:\wamp64\www\fourth\4.3\Apps\Weixin\Controller\IndexController.class.php 第 25 行.
INFO: [ app_end ] --START--
INFO: Run Behavior\ShowPageTraceBehavior [ RunTime:0.001000s ]
INFO: [ app_end ] --END-- [ RunTime:0.001000s ]

[ 2017-09-17T16:39:04+08:00 ] ::1 /fourth/4.3/
INFO: [ app_init ] --START--
INFO: Run Behavior\BuildLiteBehavior [ RunTime:0.000000s ]
INFO: [ app_init ] --END-- [ RunTime:0.001000s ]
INFO: [ app_begin ] --START--
INFO: Run Behavior\ReadHtmlCacheBehavior [ RunTime:0.001000s ]
INFO: [ app_begin ] --END-- [ RunTime:0.001000s ]
NOTIC: [2] simplexml_load_string(): Entity: line 6: parser error : Premature end of data in tag xml line 2 F:\wamp64\www\fourth\4.3\Apps\Weixin\Controller\IndexController.class.php 第 25 行.
NOTIC: [2] simplexml_load_string(): &lt;Event&gt;&lt;![CDATA[subscribe]]&gt;&lt;/Event&gt; F:\wamp64\www\fourth\4.3\Apps\Weixin\Controller\IndexController.class.php 第 25 行.
NOTIC: [2] simplexml_load_string():                                     ^ F:\wamp64\www\fourth\4.3\Apps\Weixin\Controller\IndexController.class.php 第 25 行.
INFO: [ app_end ] --START--
INFO: Run Behavior\ShowPageTraceBehavior [ RunTime:0.001000s ]
INFO: [ app_end ] --END-- [ RunTime:0.001000s ]

[ 2017-09-17T16:42:00+08:00 ] ::1 /fourth/4.3/
INFO: [ app_init ] --START--
INFO: Run Behavior\BuildLiteBehavior [ RunTime:0.000000s ]
INFO: [ app_init ] --END-- [ RunTime:0.001000s ]
INFO: [ app_begin ] --START--
INFO: Run Behavior\ReadHtmlCacheBehavior [ RunTime:0.001000s ]
INFO: [ app_begin ] --END-- [ RunTime:0.002000s ]

[ 2017-09-17T16:42:24+08:00 ] ::1 /fourth/4.3/
INFO: [ app_init ] --START--
INFO: Run Behavior\BuildLiteBehavior [ RunTime:0.000000s ]
INFO: [ app_init ] --END-- [ RunTime:0.001000s ]
INFO: [ app_begin ] --START--
INFO: Run Behavior\ReadHtmlCacheBehavior [ RunTime:0.001000s ]
INFO: [ app_begin ] --END-- [ RunTime:0.001000s ]
INFO: [ app_end ] --START--
INFO: Run Behavior\ShowPageTraceBehavior [ RunTime:0.001000s ]
INFO: [ app_end ] --END-- [ RunTime:0.001000s ]

[ 2017-09-17T16:43:11+08:00 ] ::1 /fourth/4.3/
INFO: [ app_init ] --START--
INFO: Run Behavior\BuildLiteBehavior [ RunTime:0.000000s ]
INFO: [ app_init ] --END-- [ RunTime:0.001000s ]
INFO: [ app_begin ] --START--
INFO: Run Behavior\ReadHtmlCacheBehavior [ RunTime:0.000000s ]
INFO: [ app_begin ] --END-- [ RunTime:0.002000s ]
NOTIC: [2] simplexml_load_string(): Entity: line 2: parser error : XML declaration allowed only at the start of the document F:\wamp64\www\fourth\4.3\Apps\Weixin\Controller\IndexController.class.php 第 27 行.
NOTIC: [2] simplexml_load_string(): &lt;?xml version=&quot;1.0&quot; encoding=&quot;UTF-8&quot;?&gt;&lt;ToUserName&gt;&lt;![CDATA[gh_d68ab2d21145]]&gt;&lt;/T F:\wamp64\www\fourth\4.3\Apps\Weixin\Controller\IndexController.class.php 第 27 行.
NOTIC: [2] simplexml_load_string():      ^ F:\wamp64\www\fourth\4.3\Apps\Weixin\Controller\IndexController.class.php 第 27 行.
NOTIC: [2] simplexml_load_string(): Entity: line 3: parser error : Extra content at the end of the document F:\wamp64\www\fourth\4.3\Apps\Weixin\Controller\IndexController.class.php 第 27 行.
NOTIC: [2] simplexml_load_string(): &lt;FromUserName&gt;&lt;![CDATA[oCaFv09j72zQvPn6HUFXiiW7fSAc]]&gt;&lt;/FromUserName&gt; F:\wamp64\www\fourth\4.3\Apps\Weixin\Controller\IndexController.class.php 第 27 行.
NOTIC: [2] simplexml_load_string(): ^ F:\wamp64\www\fourth\4.3\Apps\Weixin\Controller\IndexController.class.php 第 27 行.
INFO: [ app_end ] --START--
INFO: Run Behavior\ShowPageTraceBehavior [ RunTime:0.001001s ]
INFO: [ app_end ] --END-- [ RunTime:0.001001s ]

[ 2017-09-17T16:44:14+08:00 ] ::1 /fourth/4.3/
INFO: [ app_init ] --START--
INFO: Run Behavior\BuildLiteBehavior [ RunTime:0.000000s ]
INFO: [ app_init ] --END-- [ RunTime:0.001000s ]
INFO: [ app_begin ] --START--
INFO: Run Behavior\ReadHtmlCacheBehavior [ RunTime:0.001000s ]
INFO: [ app_begin ] --END-- [ RunTime:0.002000s ]
NOTIC: [2] simplexml_load_string(): Entity: line 2: parser error : XML declaration allowed only at the start of the document F:\wamp64\www\fourth\4.3\Apps\Weixin\Controller\IndexController.class.php 第 27 行.
NOTIC: [2] simplexml_load_string(): &lt;?xml version=&quot;1.0&quot; encoding=&quot;UTF-8&quot;?&gt;&lt;ToUserName&gt;akjfnjds&lt;/ToUserName&gt; F:\wamp64\www\fourth\4.3\Apps\Weixin\Controller\IndexController.class.php 第 27 行.
NOTIC: [2] simplexml_load_string():      ^ F:\wamp64\www\fourth\4.3\Apps\Weixin\Controller\IndexController.class.php 第 27 行.
NOTIC: [2] simplexml_load_string(): Entity: line 3: parser error : Extra content at the end of the document F:\wamp64\www\fourth\4.3\Apps\Weixin\Controller\IndexController.class.php 第 27 行.
NOTIC: [2] simplexml_load_string(): &lt;FromUserName&gt;asmfdla&lt;/FromUserName&gt; F:\wamp64\www\fourth\4.3\Apps\Weixin\Controller\IndexController.class.php 第 27 行.
NOTIC: [2] simplexml_load_string(): ^ F:\wamp64\www\fourth\4.3\Apps\Weixin\Controller\IndexController.class.php 第 27 行.
INFO: [ app_end ] --START--
INFO: Run Behavior\ShowPageTraceBehavior [ RunTime:0.001000s ]
INFO: [ app_end ] --END-- [ RunTime:0.002000s ]

[ 2017-09-17T16:44:15+08:00 ] ::1 /fourth/4.3/
INFO: [ app_init ] --START--
INFO: Run Behavior\BuildLiteBehavior [ RunTime:0.000000s ]
INFO: [ app_init ] --END-- [ RunTime:0.001000s ]
INFO: [ app_begin ] --START--
INFO: Run Behavior\ReadHtmlCacheBehavior [ RunTime:0.001000s ]
INFO: [ app_begin ] --END-- [ RunTime:0.001000s ]
NOTIC: [2] simplexml_load_string(): Entity: line 2: parser error : XML declaration allowed only at the start of the document F:\wamp64\www\fourth\4.3\Apps\Weixin\Controller\IndexController.class.php 第 27 行.
NOTIC: [2] simplexml_load_string(): &lt;?xml version=&quot;1.0&quot; encoding=&quot;UTF-8&quot;?&gt;&lt;ToUserName&gt;akjfnjds&lt;/ToUserName&gt; F:\wamp64\www\fourth\4.3\Apps\Weixin\Controller\IndexController.class.php 第 27 行.
NOTIC: [2] simplexml_load_string():      ^ F:\wamp64\www\fourth\4.3\Apps\Weixin\Controller\IndexController.class.php 第 27 行.
NOTIC: [2] simplexml_load_string(): Entity: line 3: parser error : Extra content at the end of the document F:\wamp64\www\fourth\4.3\Apps\Weixin\Controller\IndexController.class.php 第 27 行.
NOTIC: [2] simplexml_load_string(): &lt;FromUserName&gt;asmfdla&lt;/FromUserName&gt; F:\wamp64\www\fourth\4.3\Apps\Weixin\Controller\IndexController.class.php 第 27 行.
NOTIC: [2] simplexml_load_string(): ^ F:\wamp64\www\fourth\4.3\Apps\Weixin\Controller\IndexController.class.php 第 27 行.
INFO: [ app_end ] --START--
INFO: Run Behavior\ShowPageTraceBehavior [ RunTime:0.001000s ]
INFO: [ app_end ] --END-- [ RunTime:0.001000s ]

[ 2017-09-17T16:44:15+08:00 ] ::1 /fourth/4.3/
INFO: [ app_init ] --START--
INFO: Run Behavior\BuildLiteBehavior [ RunTime:0.000000s ]
INFO: [ app_init ] --END-- [ RunTime:0.001000s ]
INFO: [ app_begin ] --START--
INFO: Run Behavior\ReadHtmlCacheBehavior [ RunTime:0.001000s ]
INFO: [ app_begin ] --END-- [ RunTime:0.001000s ]
NOTIC: [2] simplexml_load_string(): Entity: line 2: parser error : XML declaration allowed only at the start of the document F:\wamp64\www\fourth\4.3\Apps\Weixin\Controller\IndexController.class.php 第 27 行.
NOTIC: [2] simplexml_load_string(): &lt;?xml version=&quot;1.0&quot; encoding=&quot;UTF-8&quot;?&gt;&lt;ToUserName&gt;akjfnjds&lt;/ToUserName&gt; F:\wamp64\www\fourth\4.3\Apps\Weixin\Controller\IndexController.class.php 第 27 行.
NOTIC: [2] simplexml_load_string():      ^ F:\wamp64\www\fourth\4.3\Apps\Weixin\Controller\IndexController.class.php 第 27 行.
NOTIC: [2] simplexml_load_string(): Entity: line 3: parser error : Extra content at the end of the document F:\wamp64\www\fourth\4.3\Apps\Weixin\Controller\IndexController.class.php 第 27 行.
NOTIC: [2] simplexml_load_string(): &lt;FromUserName&gt;asmfdla&lt;/FromUserName&gt; F:\wamp64\www\fourth\4.3\Apps\Weixin\Controller\IndexController.class.php 第 27 行.
NOTIC: [2] simplexml_load_string(): ^ F:\wamp64\www\fourth\4.3\Apps\Weixin\Controller\IndexController.class.php 第 27 行.
INFO: [ app_end ] --START--
INFO: Run Behavior\ShowPageTraceBehavior [ RunTime:0.001000s ]
INFO: [ app_end ] --END-- [ RunTime:0.001000s ]

[ 2017-09-17T16:44:45+08:00 ] ::1 /fourth/4.3/
INFO: [ app_init ] --START--
INFO: Run Behavior\BuildLiteBehavior [ RunTime:0.000000s ]
INFO: [ app_init ] --END-- [ RunTime:0.001000s ]
INFO: [ app_begin ] --START--
INFO: Run Behavior\ReadHtmlCacheBehavior [ RunTime:0.001000s ]
INFO: [ app_begin ] --END-- [ RunTime:0.001000s ]
NOTIC: [2] simplexml_load_string(): Entity: line 2: parser error : XML declaration allowed only at the start of the document F:\wamp64\www\fourth\4.3\Apps\Weixin\Controller\IndexController.class.php 第 28 行.
NOTIC: [2] simplexml_load_string(): &lt;?xml version=&quot;1.0&quot; encoding=&quot;UTF-8&quot;?&gt; F:\wamp64\www\fourth\4.3\Apps\Weixin\Controller\IndexController.class.php 第 28 行.
NOTIC: [2] simplexml_load_string():      ^ F:\wamp64\www\fourth\4.3\Apps\Weixin\Controller\IndexController.class.php 第 28 行.
NOTIC: [2] simplexml_load_string(): Entity: line 4: parser error : Extra content at the end of the document F:\wamp64\www\fourth\4.3\Apps\Weixin\Controller\IndexController.class.php 第 28 行.
NOTIC: [2] simplexml_load_string(): &lt;FromUserName&gt;asmfdla&lt;/FromUserName&gt; F:\wamp64\www\fourth\4.3\Apps\Weixin\Controller\IndexController.class.php 第 28 行.
NOTIC: [2] simplexml_load_string(): ^ F:\wamp64\www\fourth\4.3\Apps\Weixin\Controller\IndexController.class.php 第 28 行.
INFO: [ app_end ] --START--
INFO: Run Behavior\ShowPageTraceBehavior [ RunTime:0.001000s ]
INFO: [ app_end ] --END-- [ RunTime:0.001000s ]

[ 2017-09-17T16:45:30+08:00 ] ::1 /fourth/4.3/
INFO: [ app_init ] --START--
INFO: Run Behavior\BuildLiteBehavior [ RunTime:0.000000s ]
INFO: [ app_init ] --END-- [ RunTime:0.003000s ]
INFO: [ app_begin ] --START--
INFO: Run Behavior\ReadHtmlCacheBehavior [ RunTime:0.001000s ]
INFO: [ app_begin ] --END-- [ RunTime:0.001000s ]
NOTIC: [2] simplexml_load_string(): Entity: line 2: parser error : XML declaration allowed only at the start of the document F:\wamp64\www\fourth\4.3\Apps\Weixin\Controller\IndexController.class.php 第 25 行.
NOTIC: [2] simplexml_load_string(): &lt;?xml version=&quot;1.0&quot; encoding=&quot;UTF-8&quot;?&gt; F:\wamp64\www\fourth\4.3\Apps\Weixin\Controller\IndexController.class.php 第 25 行.
NOTIC: [2] simplexml_load_string():      ^ F:\wamp64\www\fourth\4.3\Apps\Weixin\Controller\IndexController.class.php 第 25 行.
INFO: [ app_end ] --START--
INFO: Run Behavior\ShowPageTraceBehavior [ RunTime:0.001000s ]
INFO: [ app_end ] --END-- [ RunTime:0.002000s ]

[ 2017-09-17T16:45:30+08:00 ] ::1 /fourth/4.3/
INFO: [ app_init ] --START--
INFO: Run Behavior\BuildLiteBehavior [ RunTime:0.000000s ]
INFO: [ app_init ] --END-- [ RunTime:0.001000s ]
INFO: [ app_begin ] --START--
INFO: Run Behavior\ReadHtmlCacheBehavior [ RunTime:0.000000s ]
INFO: [ app_begin ] --END-- [ RunTime:0.002000s ]
NOTIC: [2] simplexml_load_string(): Entity: line 2: parser error : XML declaration allowed only at the start of the document F:\wamp64\www\fourth\4.3\Apps\Weixin\Controller\IndexController.class.php 第 25 行.
NOTIC: [2] simplexml_load_string(): &lt;?xml version=&quot;1.0&quot; encoding=&quot;UTF-8&quot;?&gt; F:\wamp64\www\fourth\4.3\Apps\Weixin\Controller\IndexController.class.php 第 25 行.
NOTIC: [2] simplexml_load_string():      ^ F:\wamp64\www\fourth\4.3\Apps\Weixin\Controller\IndexController.class.php 第 25 行.
INFO: [ app_end ] --START--
INFO: Run Behavior\ShowPageTraceBehavior [ RunTime:0.001000s ]
INFO: [ app_end ] --END-- [ RunTime:0.001000s ]

[ 2017-09-17T16:45:30+08:00 ] ::1 /fourth/4.3/
INFO: [ app_init ] --START--
INFO: Run Behavior\BuildLiteBehavior [ RunTime:0.000000s ]
INFO: [ app_init ] --END-- [ RunTime:0.001000s ]
INFO: [ app_begin ] --START--
INFO: Run Behavior\ReadHtmlCacheBehavior [ RunTime:0.001000s ]
INFO: [ app_begin ] --END-- [ RunTime:0.001000s ]
NOTIC: [2] simplexml_load_string(): Entity: line 2: parser error : XML declaration allowed only at the start of the document F:\wamp64\www\fourth\4.3\Apps\Weixin\Controller\IndexController.class.php 第 25 行.
NOTIC: [2] simplexml_load_string(): &lt;?xml version=&quot;1.0&quot; encoding=&quot;UTF-8&quot;?&gt; F:\wamp64\www\fourth\4.3\Apps\Weixin\Controller\IndexController.class.php 第 25 行.
NOTIC: [2] simplexml_load_string():      ^ F:\wamp64\www\fourth\4.3\Apps\Weixin\Controller\IndexController.class.php 第 25 行.
INFO: [ app_end ] --START--
INFO: Run Behavior\ShowPageTraceBehavior [ RunTime:0.001000s ]
INFO: [ app_end ] --END-- [ RunTime:0.001000s ]

[ 2017-09-17T16:45:30+08:00 ] ::1 /fourth/4.3/
INFO: [ app_init ] --START--
INFO: Run Behavior\BuildLiteBehavior [ RunTime:0.000000s ]
INFO: [ app_init ] --END-- [ RunTime:0.001000s ]
INFO: [ app_begin ] --START--
INFO: Run Behavior\ReadHtmlCacheBehavior [ RunTime:0.001000s ]
INFO: [ app_begin ] --END-- [ RunTime:0.001000s ]
NOTIC: [2] simplexml_load_string(): Entity: line 2: parser error : XML declaration allowed only at the start of the document F:\wamp64\www\fourth\4.3\Apps\Weixin\Controller\IndexController.class.php 第 25 行.
NOTIC: [2] simplexml_load_string(): &lt;?xml version=&quot;1.0&quot; encoding=&quot;UTF-8&quot;?&gt; F:\wamp64\www\fourth\4.3\Apps\Weixin\Controller\IndexController.class.php 第 25 行.
NOTIC: [2] simplexml_load_string():      ^ F:\wamp64\www\fourth\4.3\Apps\Weixin\Controller\IndexController.class.php 第 25 行.
INFO: [ app_end ] --START--
INFO: Run Behavior\ShowPageTraceBehavior [ RunTime:0.001000s ]
INFO: [ app_end ] --END-- [ RunTime:0.001000s ]

[ 2017-09-17T16:45:31+08:00 ] ::1 /fourth/4.3/
INFO: [ app_init ] --START--
INFO: Run Behavior\BuildLiteBehavior [ RunTime:0.000000s ]
INFO: [ app_init ] --END-- [ RunTime:0.001000s ]
INFO: [ app_begin ] --START--
INFO: Run Behavior\ReadHtmlCacheBehavior [ RunTime:0.001000s ]
INFO: [ app_begin ] --END-- [ RunTime:0.001000s ]
NOTIC: [2] simplexml_load_string(): Entity: line 2: parser error : XML declaration allowed only at the start of the document F:\wamp64\www\fourth\4.3\Apps\Weixin\Controller\IndexController.class.php 第 25 行.
NOTIC: [2] simplexml_load_string(): &lt;?xml version=&quot;1.0&quot; encoding=&quot;UTF-8&quot;?&gt; F:\wamp64\www\fourth\4.3\Apps\Weixin\Controller\IndexController.class.php 第 25 行.
NOTIC: [2] simplexml_load_string():      ^ F:\wamp64\www\fourth\4.3\Apps\Weixin\Controller\IndexController.class.php 第 25 行.
INFO: [ app_end ] --START--
INFO: Run Behavior\ShowPageTraceBehavior [ RunTime:0.001000s ]
INFO: [ app_end ] --END-- [ RunTime:0.001000s ]

[ 2017-09-17T16:45:31+08:00 ] ::1 /fourth/4.3/
INFO: [ app_init ] --START--
INFO: Run Behavior\BuildLiteBehavior [ RunTime:0.000000s ]
INFO: [ app_init ] --END-- [ RunTime:0.001000s ]
INFO: [ app_begin ] --START--
INFO: Run Behavior\ReadHtmlCacheBehavior [ RunTime:0.001000s ]
INFO: [ app_begin ] --END-- [ RunTime:0.001000s ]
NOTIC: [2] simplexml_load_string(): Entity: line 2: parser error : XML declaration allowed only at the start of the document F:\wamp64\www\fourth\4.3\Apps\Weixin\Controller\IndexController.class.php 第 25 行.
NOTIC: [2] simplexml_load_string(): &lt;?xml version=&quot;1.0&quot; encoding=&quot;UTF-8&quot;?&gt; F:\wamp64\www\fourth\4.3\Apps\Weixin\Controller\IndexController.class.php 第 25 行.
NOTIC: [2] simplexml_load_string():      ^ F:\wamp64\www\fourth\4.3\Apps\Weixin\Controller\IndexController.class.php 第 25 行.
INFO: [ app_end ] --START--
INFO: Run Behavior\ShowPageTraceBehavior [ RunTime:0.001000s ]
INFO: [ app_end ] --END-- [ RunTime:0.001000s ]

[ 2017-09-17T16:45:31+08:00 ] ::1 /fourth/4.3/
INFO: [ app_init ] --START--
INFO: Run Behavior\BuildLiteBehavior [ RunTime:0.001000s ]
INFO: [ app_init ] --END-- [ RunTime:0.001000s ]
INFO: [ app_begin ] --START--
INFO: Run Behavior\ReadHtmlCacheBehavior [ RunTime:0.001000s ]
INFO: [ app_begin ] --END-- [ RunTime:0.001000s ]
NOTIC: [2] simplexml_load_string(): Entity: line 2: parser error : XML declaration allowed only at the start of the document F:\wamp64\www\fourth\4.3\Apps\Weixin\Controller\IndexController.class.php 第 25 行.
NOTIC: [2] simplexml_load_string(): &lt;?xml version=&quot;1.0&quot; encoding=&quot;UTF-8&quot;?&gt; F:\wamp64\www\fourth\4.3\Apps\Weixin\Controller\IndexController.class.php 第 25 行.
NOTIC: [2] simplexml_load_string():      ^ F:\wamp64\www\fourth\4.3\Apps\Weixin\Controller\IndexController.class.php 第 25 行.
INFO: [ app_end ] --START--
INFO: Run Behavior\ShowPageTraceBehavior [ RunTime:0.001000s ]
INFO: [ app_end ] --END-- [ RunTime:0.001000s ]

[ 2017-09-17T16:45:41+08:00 ] ::1 /fourth/4.3/
INFO: [ app_init ] --START--
INFO: Run Behavior\BuildLiteBehavior [ RunTime:0.000000s ]
INFO: [ app_init ] --END-- [ RunTime:0.001001s ]
INFO: [ app_begin ] --START--
INFO: Run Behavior\ReadHtmlCacheBehavior [ RunTime:0.001000s ]
INFO: [ app_begin ] --END-- [ RunTime:0.001000s ]
NOTIC: [2] simplexml_load_string(): Entity: line 2: parser error : XML declaration allowed only at the start of the document F:\wamp64\www\fourth\4.3\Apps\Weixin\Controller\IndexController.class.php 第 25 行.
NOTIC: [2] simplexml_load_string(): &lt;?xml version=&quot;1.0&quot; encoding=&quot;UTF-8&quot;?&gt; F:\wamp64\www\fourth\4.3\Apps\Weixin\Controller\IndexController.class.php 第 25 行.
NOTIC: [2] simplexml_load_string():      ^ F:\wamp64\www\fourth\4.3\Apps\Weixin\Controller\IndexController.class.php 第 25 行.
INFO: [ app_end ] --START--
INFO: Run Behavior\ShowPageTraceBehavior [ RunTime:0.001000s ]
INFO: [ app_end ] --END-- [ RunTime:0.002000s ]

[ 2017-09-17T16:45:42+08:00 ] ::1 /fourth/4.3/
INFO: [ app_init ] --START--
INFO: Run Behavior\BuildLiteBehavior [ RunTime:0.001000s ]
INFO: [ app_init ] --END-- [ RunTime:0.001000s ]
INFO: [ app_begin ] --START--
INFO: Run Behavior\ReadHtmlCacheBehavior [ RunTime:0.000000s ]
INFO: [ app_begin ] --END-- [ RunTime:0.002000s ]
NOTIC: [2] simplexml_load_string(): Entity: line 2: parser error : XML declaration allowed only at the start of the document F:\wamp64\www\fourth\4.3\Apps\Weixin\Controller\IndexController.class.php 第 25 行.
NOTIC: [2] simplexml_load_string(): &lt;?xml version=&quot;1.0&quot; encoding=&quot;UTF-8&quot;?&gt; F:\wamp64\www\fourth\4.3\Apps\Weixin\Controller\IndexController.class.php 第 25 行.
NOTIC: [2] simplexml_load_string():      ^ F:\wamp64\www\fourth\4.3\Apps\Weixin\Controller\IndexController.class.php 第 25 行.
INFO: [ app_end ] --START--
INFO: Run Behavior\ShowPageTraceBehavior [ RunTime:0.001000s ]
INFO: [ app_end ] --END-- [ RunTime:0.001000s ]

[ 2017-09-17T16:45:42+08:00 ] ::1 /fourth/4.3/
INFO: [ app_init ] --START--
INFO: Run Behavior\BuildLiteBehavior [ RunTime:0.000000s ]
INFO: [ app_init ] --END-- [ RunTime:0.001001s ]
INFO: [ app_begin ] --START--
INFO: Run Behavior\ReadHtmlCacheBehavior [ RunTime:0.001000s ]
INFO: [ app_begin ] --END-- [ RunTime:0.001000s ]
NOTIC: [2] simplexml_load_string(): Entity: line 2: parser error : XML declaration allowed only at the start of the document F:\wamp64\www\fourth\4.3\Apps\Weixin\Controller\IndexController.class.php 第 25 行.
NOTIC: [2] simplexml_load_string(): &lt;?xml version=&quot;1.0&quot; encoding=&quot;UTF-8&quot;?&gt; F:\wamp64\www\fourth\4.3\Apps\Weixin\Controller\IndexController.class.php 第 25 行.
NOTIC: [2] simplexml_load_string():      ^ F:\wamp64\www\fourth\4.3\Apps\Weixin\Controller\IndexController.class.php 第 25 行.
INFO: [ app_end ] --START--
INFO: Run Behavior\ShowPageTraceBehavior [ RunTime:0.001000s ]
INFO: [ app_end ] --END-- [ RunTime:0.001000s ]

[ 2017-09-17T16:46:05+08:00 ] ::1 /fourth/4.3/
INFO: [ app_init ] --START--
INFO: Run Behavior\BuildLiteBehavior [ RunTime:0.000000s ]
INFO: [ app_init ] --END-- [ RunTime:0.001000s ]
INFO: [ app_begin ] --START--
INFO: Run Behavior\ReadHtmlCacheBehavior [ RunTime:0.000000s ]
INFO: [ app_begin ] --END-- [ RunTime:0.002000s ]
NOTIC: [2] simplexml_load_string(): Entity: line 2: parser error : XML declaration allowed only at the start of the document F:\wamp64\www\fourth\4.3\Apps\Weixin\Controller\IndexController.class.php 第 25 行.
NOTIC: [2] simplexml_load_string(): &lt;?xml version=&quot;1.0&quot; encoding=&quot;UTF-8&quot;?&gt; F:\wamp64\www\fourth\4.3\Apps\Weixin\Controller\IndexController.class.php 第 25 行.
NOTIC: [2] simplexml_load_string():      ^ F:\wamp64\www\fourth\4.3\Apps\Weixin\Controller\IndexController.class.php 第 25 行.
INFO: [ app_end ] --START--
INFO: Run Behavior\ShowPageTraceBehavior [ RunTime:0.001000s ]
INFO: [ app_end ] --END-- [ RunTime:0.001000s ]

[ 2017-09-17T16:47:32+08:00 ] ::1 /fourth/4.3/
INFO: [ app_init ] --START--
INFO: Run Behavior\BuildLiteBehavior [ RunTime:0.000000s ]
INFO: [ app_init ] --END-- [ RunTime:0.001000s ]
INFO: [ app_begin ] --START--
INFO: Run Behavior\ReadHtmlCacheBehavior [ RunTime:0.001000s ]
INFO: [ app_begin ] --END-- [ RunTime:0.001000s ]
NOTIC: [2] simplexml_load_string(): Entity: line 2: parser error : XML declaration allowed only at the start of the document F:\wamp64\www\fourth\4.3\Apps\Weixin\Controller\IndexController.class.php 第 25 行.
NOTIC: [2] simplexml_load_string(): &lt;?xml version=&quot;1.0&quot; encoding=&quot;UTF-8&quot;?&gt; F:\wamp64\www\fourth\4.3\Apps\Weixin\Controller\IndexController.class.php 第 25 行.
NOTIC: [2] simplexml_load_string():      ^ F:\wamp64\www\fourth\4.3\Apps\Weixin\Controller\IndexController.class.php 第 25 行.
INFO: [ app_end ] --START--
INFO: Run Behavior\ShowPageTraceBehavior [ RunTime:0.001000s ]
INFO: [ app_end ] --END-- [ RunTime:0.001000s ]

[ 2017-09-17T16:47:33+08:00 ] ::1 /fourth/4.3/
INFO: [ app_init ] --START--
INFO: Run Behavior\BuildLiteBehavior [ RunTime:0.000000s ]
INFO: [ app_init ] --END-- [ RunTime:0.001000s ]
INFO: [ app_begin ] --START--
INFO: Run Behavior\ReadHtmlCacheBehavior [ RunTime:0.001000s ]
INFO: [ app_begin ] --END-- [ RunTime:0.001000s ]
NOTIC: [2] simplexml_load_string(): Entity: line 2: parser error : XML declaration allowed only at the start of the document F:\wamp64\www\fourth\4.3\Apps\Weixin\Controller\IndexController.class.php 第 25 行.
NOTIC: [2] simplexml_load_string(): &lt;?xml version=&quot;1.0&quot; encoding=&quot;UTF-8&quot;?&gt; F:\wamp64\www\fourth\4.3\Apps\Weixin\Controller\IndexController.class.php 第 25 行.
NOTIC: [2] simplexml_load_string():      ^ F:\wamp64\www\fourth\4.3\Apps\Weixin\Controller\IndexController.class.php 第 25 行.
INFO: [ app_end ] --START--
INFO: Run Behavior\ShowPageTraceBehavior [ RunTime:0.000000s ]
INFO: [ app_end ] --END-- [ RunTime:0.002000s ]

[ 2017-09-17T16:47:33+08:00 ] ::1 /fourth/4.3/
INFO: [ app_init ] --START--
INFO: Run Behavior\BuildLiteBehavior [ RunTime:0.000000s ]
INFO: [ app_init ] --END-- [ RunTime:0.001000s ]
INFO: [ app_begin ] --START--
INFO: Run Behavior\ReadHtmlCacheBehavior [ RunTime:0.001000s ]
INFO: [ app_begin ] --END-- [ RunTime:0.001000s ]
NOTIC: [2] simplexml_load_string(): Entity: line 2: parser error : XML declaration allowed only at the start of the document F:\wamp64\www\fourth\4.3\Apps\Weixin\Controller\IndexController.class.php 第 25 行.
NOTIC: [2] simplexml_load_string(): &lt;?xml version=&quot;1.0&quot; encoding=&quot;UTF-8&quot;?&gt; F:\wamp64\www\fourth\4.3\Apps\Weixin\Controller\IndexController.class.php 第 25 行.
NOTIC: [2] simplexml_load_string():      ^ F:\wamp64\www\fourth\4.3\Apps\Weixin\Controller\IndexController.class.php 第 25 行.
INFO: [ app_end ] --START--
INFO: Run Behavior\ShowPageTraceBehavior [ RunTime:0.001000s ]
INFO: [ app_end ] --END-- [ RunTime:0.001000s ]

[ 2017-09-17T16:47:33+08:00 ] ::1 /fourth/4.3/
INFO: [ app_init ] --START--
INFO: Run Behavior\BuildLiteBehavior [ RunTime:0.000000s ]
INFO: [ app_init ] --END-- [ RunTime:0.001000s ]
INFO: [ app_begin ] --START--
INFO: Run Behavior\ReadHtmlCacheBehavior [ RunTime:0.001000s ]
INFO: [ app_begin ] --END-- [ RunTime:0.002000s ]
NOTIC: [2] simplexml_load_string(): Entity: line 2: parser error : XML declaration allowed only at the start of the document F:\wamp64\www\fourth\4.3\Apps\Weixin\Controller\IndexController.class.php 第 25 行.
NOTIC: [2] simplexml_load_string(): &lt;?xml version=&quot;1.0&quot; encoding=&quot;UTF-8&quot;?&gt; F:\wamp64\www\fourth\4.3\Apps\Weixin\Controller\IndexController.class.php 第 25 行.
NOTIC: [2] simplexml_load_string():      ^ F:\wamp64\www\fourth\4.3\Apps\Weixin\Controller\IndexController.class.php 第 25 行.
INFO: [ app_end ] --START--
INFO: Run Behavior\ShowPageTraceBehavior [ RunTime:0.000000s ]
INFO: [ app_end ] --END-- [ RunTime:0.002000s ]

[ 2017-09-17T16:47:33+08:00 ] ::1 /fourth/4.3/
INFO: [ app_init ] --START--
INFO: Run Behavior\BuildLiteBehavior [ RunTime:0.000000s ]
INFO: [ app_init ] --END-- [ RunTime:0.001001s ]
INFO: [ app_begin ] --START--
INFO: Run Behavior\ReadHtmlCacheBehavior [ RunTime:0.001000s ]
INFO: [ app_begin ] --END-- [ RunTime:0.001000s ]
NOTIC: [2] simplexml_load_string(): Entity: line 2: parser error : XML declaration allowed only at the start of the document F:\wamp64\www\fourth\4.3\Apps\Weixin\Controller\IndexController.class.php 第 25 行.
NOTIC: [2] simplexml_load_string(): &lt;?xml version=&quot;1.0&quot; encoding=&quot;UTF-8&quot;?&gt; F:\wamp64\www\fourth\4.3\Apps\Weixin\Controller\IndexController.class.php 第 25 行.
NOTIC: [2] simplexml_load_string():      ^ F:\wamp64\www\fourth\4.3\Apps\Weixin\Controller\IndexController.class.php 第 25 行.
INFO: [ app_end ] --START--
INFO: Run Behavior\ShowPageTraceBehavior [ RunTime:0.001000s ]
INFO: [ app_end ] --END-- [ RunTime:0.001000s ]

[ 2017-09-17T16:47:55+08:00 ] ::1 /fourth/4.3/
INFO: [ app_init ] --START--
INFO: Run Behavior\BuildLiteBehavior [ RunTime:0.000000s ]
INFO: [ app_init ] --END-- [ RunTime:0.001000s ]
INFO: [ app_begin ] --START--
INFO: Run Behavior\ReadHtmlCacheBehavior [ RunTime:0.001000s ]
INFO: [ app_begin ] --END-- [ RunTime:0.001000s ]
INFO: [ app_end ] --START--
INFO: Run Behavior\ShowPageTraceBehavior [ RunTime:0.001000s ]
INFO: [ app_end ] --END-- [ RunTime:0.001000s ]

[ 2017-09-17T16:48:44+08:00 ] ::1 /fourth/4.3/
INFO: [ app_init ] --START--
INFO: Run Behavior\BuildLiteBehavior [ RunTime:0.000000s ]
INFO: [ app_init ] --END-- [ RunTime:0.001000s ]
INFO: [ app_begin ] --START--
INFO: Run Behavior\ReadHtmlCacheBehavior [ RunTime:0.002000s ]
INFO: [ app_begin ] --END-- [ RunTime:0.002000s ]
NOTIC: [2] simplexml_load_string(): Entity: line 2: parser error : XML declaration allowed only at the start of the document F:\wamp64\www\fourth\4.3\Apps\Weixin\Controller\IndexController.class.php 第 24 行.
NOTIC: [2] simplexml_load_string(): &lt;?xml version=&quot;1.0&quot; encoding=&quot;UTF-8&quot;?&gt;&lt;resp&gt;&lt;city&gt;北京&lt;/city&gt;&lt;updatetime&gt;16:16 F:\wamp64\www\fourth\4.3\Apps\Weixin\Controller\IndexController.class.php 第 24 行.
NOTIC: [2] simplexml_load_string():      ^ F:\wamp64\www\fourth\4.3\Apps\Weixin\Controller\IndexController.class.php 第 24 行.
INFO: [ app_end ] --START--
INFO: Run Behavior\ShowPageTraceBehavior [ RunTime:0.001000s ]
INFO: [ app_end ] --END-- [ RunTime:0.001000s ]

[ 2017-09-17T16:48:45+08:00 ] ::1 /fourth/4.3/
INFO: [ app_init ] --START--
INFO: Run Behavior\BuildLiteBehavior [ RunTime:0.000000s ]
INFO: [ app_init ] --END-- [ RunTime:0.001000s ]
INFO: [ app_begin ] --START--
INFO: Run Behavior\ReadHtmlCacheBehavior [ RunTime:0.001000s ]
INFO: [ app_begin ] --END-- [ RunTime:0.001000s ]
NOTIC: [2] simplexml_load_string(): Entity: line 2: parser error : XML declaration allowed only at the start of the document F:\wamp64\www\fourth\4.3\Apps\Weixin\Controller\IndexController.class.php 第 24 行.
NOTIC: [2] simplexml_load_string(): &lt;?xml version=&quot;1.0&quot; encoding=&quot;UTF-8&quot;?&gt;&lt;resp&gt;&lt;city&gt;北京&lt;/city&gt;&lt;updatetime&gt;16:16 F:\wamp64\www\fourth\4.3\Apps\Weixin\Controller\IndexController.class.php 第 24 行.
NOTIC: [2] simplexml_load_string():      ^ F:\wamp64\www\fourth\4.3\Apps\Weixin\Controller\IndexController.class.php 第 24 行.
INFO: [ app_end ] --START--
INFO: Run Behavior\ShowPageTraceBehavior [ RunTime:0.002000s ]
INFO: [ app_end ] --END-- [ RunTime:0.002000s ]

[ 2017-09-17T16:48:45+08:00 ] ::1 /fourth/4.3/
INFO: [ app_init ] --START--
INFO: Run Behavior\BuildLiteBehavior [ RunTime:0.000000s ]
INFO: [ app_init ] --END-- [ RunTime:0.001000s ]
INFO: [ app_begin ] --START--
INFO: Run Behavior\ReadHtmlCacheBehavior [ RunTime:0.001000s ]
INFO: [ app_begin ] --END-- [ RunTime:0.002000s ]
NOTIC: [2] simplexml_load_string(): Entity: line 2: parser error : XML declaration allowed only at the start of the document F:\wamp64\www\fourth\4.3\Apps\Weixin\Controller\IndexController.class.php 第 24 行.
NOTIC: [2] simplexml_load_string(): &lt;?xml version=&quot;1.0&quot; encoding=&quot;UTF-8&quot;?&gt;&lt;resp&gt;&lt;city&gt;北京&lt;/city&gt;&lt;updatetime&gt;16:16 F:\wamp64\www\fourth\4.3\Apps\Weixin\Controller\IndexController.class.php 第 24 行.
NOTIC: [2] simplexml_load_string():      ^ F:\wamp64\www\fourth\4.3\Apps\Weixin\Controller\IndexController.class.php 第 24 行.
INFO: [ app_end ] --START--
INFO: Run Behavior\ShowPageTraceBehavior [ RunTime:0.001000s ]
INFO: [ app_end ] --END-- [ RunTime:0.001000s ]

[ 2017-09-17T16:48:45+08:00 ] ::1 /fourth/4.3/
INFO: [ app_init ] --START--
INFO: Run Behavior\BuildLiteBehavior [ RunTime:0.000000s ]
INFO: [ app_init ] --END-- [ RunTime:0.001000s ]
INFO: [ app_begin ] --START--
INFO: Run Behavior\ReadHtmlCacheBehavior [ RunTime:0.001000s ]
INFO: [ app_begin ] --END-- [ RunTime:0.001000s ]
NOTIC: [2] simplexml_load_string(): Entity: line 2: parser error : XML declaration allowed only at the start of the document F:\wamp64\www\fourth\4.3\Apps\Weixin\Controller\IndexController.class.php 第 24 行.
NOTIC: [2] simplexml_load_string(): &lt;?xml version=&quot;1.0&quot; encoding=&quot;UTF-8&quot;?&gt;&lt;resp&gt;&lt;city&gt;北京&lt;/city&gt;&lt;updatetime&gt;16:16 F:\wamp64\www\fourth\4.3\Apps\Weixin\Controller\IndexController.class.php 第 24 行.
NOTIC: [2] simplexml_load_string():      ^ F:\wamp64\www\fourth\4.3\Apps\Weixin\Controller\IndexController.class.php 第 24 行.
INFO: [ app_end ] --START--
INFO: Run Behavior\ShowPageTraceBehavior [ RunTime:0.001000s ]
INFO: [ app_end ] --END-- [ RunTime:0.001000s ]

[ 2017-09-17T16:48:45+08:00 ] ::1 /fourth/4.3/
INFO: [ app_init ] --START--
INFO: Run Behavior\BuildLiteBehavior [ RunTime:0.000000s ]
INFO: [ app_init ] --END-- [ RunTime:0.001000s ]
INFO: [ app_begin ] --START--
INFO: Run Behavior\ReadHtmlCacheBehavior [ RunTime:0.001000s ]
INFO: [ app_begin ] --END-- [ RunTime:0.001000s ]
NOTIC: [2] simplexml_load_string(): Entity: line 2: parser error : XML declaration allowed only at the start of the document F:\wamp64\www\fourth\4.3\Apps\Weixin\Controller\IndexController.class.php 第 24 行.
NOTIC: [2] simplexml_load_string(): &lt;?xml version=&quot;1.0&quot; encoding=&quot;UTF-8&quot;?&gt;&lt;resp&gt;&lt;city&gt;北京&lt;/city&gt;&lt;updatetime&gt;16:16 F:\wamp64\www\fourth\4.3\Apps\Weixin\Controller\IndexController.class.php 第 24 行.
NOTIC: [2] simplexml_load_string():      ^ F:\wamp64\www\fourth\4.3\Apps\Weixin\Controller\IndexController.class.php 第 24 行.
INFO: [ app_end ] --START--
INFO: Run Behavior\ShowPageTraceBehavior [ RunTime:0.001000s ]
INFO: [ app_end ] --END-- [ RunTime:0.001000s ]

[ 2017-09-17T16:49:18+08:00 ] ::1 /fourth/4.3/
INFO: [ app_init ] --START--
INFO: Run Behavior\BuildLiteBehavior [ RunTime:0.000000s ]
INFO: [ app_init ] --END-- [ RunTime:0.000000s ]
INFO: [ app_begin ] --START--
INFO: Run Behavior\ReadHtmlCacheBehavior [ RunTime:0.001000s ]
INFO: [ app_begin ] --END-- [ RunTime:0.001000s ]
NOTIC: [2] simplexml_load_string(): Entity: line 1: parser error : XML declaration allowed only at the start of the document F:\wamp64\www\fourth\4.3\Apps\Weixin\Controller\IndexController.class.php 第 22 行.
NOTIC: [2] simplexml_load_string(): 	&lt;?xml version=&quot;1.0&quot; encoding=&quot;UTF-8&quot;?&gt;&lt;resp&gt;&lt;city&gt;北京&lt;/city&gt;&lt;updatetime&gt;16:1 F:\wamp64\www\fourth\4.3\Apps\Weixin\Controller\IndexController.class.php 第 22 行.
NOTIC: [2] simplexml_load_string(): 	     ^ F:\wamp64\www\fourth\4.3\Apps\Weixin\Controller\IndexController.class.php 第 22 行.
INFO: [ app_end ] --START--
INFO: Run Behavior\ShowPageTraceBehavior [ RunTime:0.001000s ]
INFO: [ app_end ] --END-- [ RunTime:0.001000s ]

[ 2017-09-17T16:49:18+08:00 ] ::1 /fourth/4.3/
INFO: [ app_init ] --START--
INFO: Run Behavior\BuildLiteBehavior [ RunTime:0.000000s ]
INFO: [ app_init ] --END-- [ RunTime:0.000000s ]
INFO: [ app_begin ] --START--
INFO: Run Behavior\ReadHtmlCacheBehavior [ RunTime:0.001000s ]
INFO: [ app_begin ] --END-- [ RunTime:0.001000s ]
NOTIC: [2] simplexml_load_string(): Entity: line 1: parser error : XML declaration allowed only at the start of the document F:\wamp64\www\fourth\4.3\Apps\Weixin\Controller\IndexController.class.php 第 22 行.
NOTIC: [2] simplexml_load_string(): 	&lt;?xml version=&quot;1.0&quot; encoding=&quot;UTF-8&quot;?&gt;&lt;resp&gt;&lt;city&gt;北京&lt;/city&gt;&lt;updatetime&gt;16:1 F:\wamp64\www\fourth\4.3\Apps\Weixin\Controller\IndexController.class.php 第 22 行.
NOTIC: [2] simplexml_load_string(): 	     ^ F:\wamp64\www\fourth\4.3\Apps\Weixin\Controller\IndexController.class.php 第 22 行.
INFO: [ app_end ] --START--
INFO: Run Behavior\ShowPageTraceBehavior [ RunTime:0.001000s ]
INFO: [ app_end ] --END-- [ RunTime:0.002000s ]

[ 2017-09-17T16:49:19+08:00 ] ::1 /fourth/4.3/
INFO: [ app_init ] --START--
INFO: Run Behavior\BuildLiteBehavior [ RunTime:0.000000s ]
INFO: [ app_init ] --END-- [ RunTime:0.001000s ]
INFO: [ app_begin ] --START--
INFO: Run Behavior\ReadHtmlCacheBehavior [ RunTime:0.001000s ]
INFO: [ app_begin ] --END-- [ RunTime:0.001000s ]
NOTIC: [2] simplexml_load_string(): Entity: line 1: parser error : XML declaration allowed only at the start of the document F:\wamp64\www\fourth\4.3\Apps\Weixin\Controller\IndexController.class.php 第 22 行.
NOTIC: [2] simplexml_load_string(): 	&lt;?xml version=&quot;1.0&quot; encoding=&quot;UTF-8&quot;?&gt;&lt;resp&gt;&lt;city&gt;北京&lt;/city&gt;&lt;updatetime&gt;16:1 F:\wamp64\www\fourth\4.3\Apps\Weixin\Controller\IndexController.class.php 第 22 行.
NOTIC: [2] simplexml_load_string(): 	     ^ F:\wamp64\www\fourth\4.3\Apps\Weixin\Controller\IndexController.class.php 第 22 行.
INFO: [ app_end ] --START--
INFO: Run Behavior\ShowPageTraceBehavior [ RunTime:0.001001s ]
INFO: [ app_end ] --END-- [ RunTime:0.001001s ]

[ 2017-09-17T16:49:19+08:00 ] ::1 /fourth/4.3/
INFO: [ app_init ] --START--
INFO: Run Behavior\BuildLiteBehavior [ RunTime:0.000000s ]
INFO: [ app_init ] --END-- [ RunTime:0.001000s ]
INFO: [ app_begin ] --START--
INFO: Run Behavior\ReadHtmlCacheBehavior [ RunTime:0.001000s ]
INFO: [ app_begin ] --END-- [ RunTime:0.002000s ]
NOTIC: [2] simplexml_load_string(): Entity: line 1: parser error : XML declaration allowed only at the start of the document F:\wamp64\www\fourth\4.3\Apps\Weixin\Controller\IndexController.class.php 第 22 行.
NOTIC: [2] simplexml_load_string(): 	&lt;?xml version=&quot;1.0&quot; encoding=&quot;UTF-8&quot;?&gt;&lt;resp&gt;&lt;city&gt;北京&lt;/city&gt;&lt;updatetime&gt;16:1 F:\wamp64\www\fourth\4.3\Apps\Weixin\Controller\IndexController.class.php 第 22 行.
NOTIC: [2] simplexml_load_string(): 	     ^ F:\wamp64\www\fourth\4.3\Apps\Weixin\Controller\IndexController.class.php 第 22 行.
INFO: [ app_end ] --START--
INFO: Run Behavior\ShowPageTraceBehavior [ RunTime:0.002000s ]
INFO: [ app_end ] --END-- [ RunTime:0.002000s ]

[ 2017-09-17T16:49:25+08:00 ] ::1 /fourth/4.3/
INFO: [ app_init ] --START--
INFO: Run Behavior\BuildLiteBehavior [ RunTime:0.000000s ]
INFO: [ app_init ] --END-- [ RunTime:0.001000s ]
INFO: [ app_begin ] --START--
INFO: Run Behavior\ReadHtmlCacheBehavior [ RunTime:0.001001s ]
INFO: [ app_begin ] --END-- [ RunTime:0.001001s ]
INFO: [ app_end ] --START--
INFO: Run Behavior\ShowPageTraceBehavior [ RunTime:0.001000s ]
INFO: [ app_end ] --END-- [ RunTime:0.001000s ]

[ 2017-09-17T16:50:48+08:00 ] ::1 /fourth/4.3/
INFO: [ app_init ] --START--
INFO: Run Behavior\BuildLiteBehavior [ RunTime:0.000000s ]
INFO: [ app_init ] --END-- [ RunTime:0.001000s ]
INFO: [ app_begin ] --START--
INFO: Run Behavior\ReadHtmlCacheBehavior [ RunTime:0.001000s ]
INFO: [ app_begin ] --END-- [ RunTime:0.002000s ]
INFO: [ app_end ] --START--
INFO: Run Behavior\ShowPageTraceBehavior [ RunTime:0.001000s ]
INFO: [ app_end ] --END-- [ RunTime:0.001000s ]

[ 2017-09-17T16:55:08+08:00 ] ::1 /fourth/4.3/
INFO: [ app_init ] --START--
INFO: Run Behavior\BuildLiteBehavior [ RunTime:0.000000s ]
INFO: [ app_init ] --END-- [ RunTime:0.001000s ]
INFO: [ app_begin ] --START--
INFO: Run Behavior\ReadHtmlCacheBehavior [ RunTime:0.001000s ]
INFO: [ app_begin ] --END-- [ RunTime:0.001000s ]
INFO: [ app_end ] --START--
INFO: Run Behavior\ShowPageTraceBehavior [ RunTime:0.001000s ]
INFO: [ app_end ] --END-- [ RunTime:0.001000s ]

[ 2017-09-17T21:10:15+08:00 ] ::1 /fourth/4.3/
INFO: [ app_init ] --START--
INFO: Run Behavior\BuildLiteBehavior [ RunTime:0.000000s ]
INFO: [ app_init ] --END-- [ RunTime:0.006000s ]
INFO: [ app_begin ] --START--
INFO: Run Behavior\ReadHtmlCacheBehavior [ RunTime:0.001000s ]
INFO: [ app_begin ] --END-- [ RunTime:0.002000s ]

[ 2017-09-17T21:10:49+08:00 ] ::1 /fourth/4.3/index/Weixin/Index/index
INFO: [ app_init ] --START--
INFO: Run Behavior\BuildLiteBehavior [ RunTime:0.000000s ]
INFO: [ app_init ] --END-- [ RunTime:0.001000s ]
INFO: [ app_begin ] --START--
INFO: Run Behavior\ReadHtmlCacheBehavior [ RunTime:0.001000s ]
INFO: [ app_begin ] --END-- [ RunTime:0.002000s ]
ERR: 无法加载控制器:Weixin

[ 2017-09-17T21:11:22+08:00 ] ::1 /fourth/4.3/index/Weixin/Index/index
INFO: [ app_init ] --START--
INFO: Run Behavior\BuildLiteBehavior [ RunTime:0.000000s ]
INFO: [ app_init ] --END-- [ RunTime:0.002001s ]
INFO: [ app_begin ] --START--
INFO: Run Behavior\ReadHtmlCacheBehavior [ RunTime:0.001000s ]
INFO: [ app_begin ] --END-- [ RunTime:0.001000s ]
ERR: 无法加载控制器:Weixin

[ 2017-09-17T21:11:30+08:00 ] ::1 /fourth/4.3/index/HOme/Index/index
INFO: [ app_init ] --START--
INFO: Run Behavior\BuildLiteBehavior [ RunTime:0.000000s ]
INFO: [ app_init ] --END-- [ RunTime:0.001000s ]
INFO: [ app_begin ] --START--
INFO: Run Behavior\ReadHtmlCacheBehavior [ RunTime:0.001000s ]
INFO: [ app_begin ] --END-- [ RunTime:0.001000s ]
ERR: 无法加载控制器:HOme

[ 2017-09-17T21:11:38+08:00 ] ::1 /fourth/4.3/index/Home/Index/index
INFO: [ app_init ] --START--
INFO: Run Behavior\BuildLiteBehavior [ RunTime:0.000000s ]
INFO: [ app_init ] --END-- [ RunTime:0.001000s ]
INFO: [ app_begin ] --START--
INFO: Run Behavior\ReadHtmlCacheBehavior [ RunTime:0.001000s ]
INFO: [ app_begin ] --END-- [ RunTime:0.001000s ]
ERR: 无法加载控制器:Home

[ 2017-09-17T21:11:54+08:00 ] ::1 /fourth/4.3/index/Home/Index/index
INFO: [ app_init ] --START--
INFO: Run Behavior\BuildLiteBehavior [ RunTime:0.000000s ]
INFO: [ app_init ] --END-- [ RunTime:0.001001s ]
INFO: [ app_begin ] --START--
INFO: Run Behavior\ReadHtmlCacheBehavior [ RunTime:0.001000s ]
INFO: [ app_begin ] --END-- [ RunTime:0.001000s ]
ERR: 无法加载控制器:Home

[ 2017-09-17T21:12:41+08:00 ] ::1 /fourth/4.3/index/Home/Index/index
INFO: [ app_init ] --START--
INFO: Run Behavior\BuildLiteBehavior [ RunTime:0.000000s ]
INFO: [ app_init ] --END-- [ RunTime:0.001001s ]
INFO: [ app_begin ] --START--
INFO: Run Behavior\ReadHtmlCacheBehavior [ RunTime:0.001000s ]
INFO: [ app_begin ] --END-- [ RunTime:0.001000s ]
ERR: 无法加载控制器:Home

[ 2017-09-17T21:12:49+08:00 ] ::1 /fourth/4.3/index/Weixi/Index/index
INFO: [ app_init ] --START--
INFO: Run Behavior\BuildLiteBehavior [ RunTime:0.000000s ]
INFO: [ app_init ] --END-- [ RunTime:0.001000s ]
INFO: [ app_begin ] --START--
INFO: Run Behavior\ReadHtmlCacheBehavior [ RunTime:0.000000s ]
INFO: [ app_begin ] --END-- [ RunTime:0.002000s ]
ERR: 无法加载控制器:Weixi

[ 2017-09-17T21:12:54+08:00 ] ::1 /fourth/4.3/index/Weixin/Index/index
INFO: [ app_init ] --START--
INFO: Run Behavior\BuildLiteBehavior [ RunTime:0.000000s ]
INFO: [ app_init ] --END-- [ RunTime:0.001000s ]
INFO: [ app_begin ] --START--
INFO: Run Behavior\ReadHtmlCacheBehavior [ RunTime:0.001000s ]
INFO: [ app_begin ] --END-- [ RunTime:0.002000s ]
ERR: 无法加载控制器:Weixin

[ 2017-09-17T21:13:27+08:00 ] ::1 /fourth/4.3/index/Index/index
INFO: [ app_init ] --START--
INFO: Run Behavior\BuildLiteBehavior [ RunTime:0.000000s ]
INFO: [ app_init ] --END-- [ RunTime:0.001000s ]
INFO: [ app_begin ] --START--
INFO: Run Behavior\ReadHtmlCacheBehavior [ RunTime:0.001000s ]
INFO: [ app_begin ] --END-- [ RunTime:0.001000s ]

[ 2017-09-17T21:13:33+08:00 ] ::1 /fourth/4.3/index/Index/upload
INFO: [ app_init ] --START--
INFO: Run Behavior\BuildLiteBehavior [ RunTime:0.000000s ]
INFO: [ app_init ] --END-- [ RunTime:0.001000s ]
INFO: [ app_begin ] --START--
INFO: Run Behavior\ReadHtmlCacheBehavior [ RunTime:0.002000s ]
INFO: [ app_begin ] --END-- [ RunTime:0.002000s ]
INFO: [ view_parse ] --START--
INFO: [ template_filter ] --START--
INFO: Run Behavior\ContentReplaceBehavior [ RunTime:0.076004s ]
INFO: [ template_filter ] --END-- [ RunTime:0.076004s ]
INFO: Run Behavior\ParseTemplateBehavior [ RunTime:0.186011s ]
INFO: [ view_parse ] --END-- [ RunTime:0.186011s ]
INFO: [ view_filter ] --START--
INFO: Run Behavior\WriteHtmlCacheBehavior [ RunTime:0.051002s ]
INFO: [ view_filter ] --END-- [ RunTime:0.051002s ]
INFO: [ app_end ] --START--
INFO: Run Behavior\ShowPageTraceBehavior [ RunTime:0.068003s ]
INFO: [ app_end ] --END-- [ RunTime:0.068003s ]

[ 2017-09-17T21:14:03+08:00 ] ::1 /fourth/4.3/index/Index/upload
INFO: [ app_init ] --START--
INFO: Run Behavior\BuildLiteBehavior [ RunTime:0.003000s ]
INFO: [ app_init ] --END-- [ RunTime:0.007000s ]
INFO: [ app_begin ] --START--
INFO: Run Behavior\ReadHtmlCacheBehavior [ RunTime:0.001000s ]
INFO: [ app_begin ] --END-- [ RunTime:0.001000s ]
INFO: [ view_parse ] --START--
INFO: [ template_filter ] --START--
INFO: Run Behavior\ContentReplaceBehavior [ RunTime:0.000000s ]
INFO: [ template_filter ] --END-- [ RunTime:0.000000s ]
INFO: Run Behavior\ParseTemplateBehavior [ RunTime:0.012001s ]
INFO: [ view_parse ] --END-- [ RunTime:0.012001s ]
INFO: [ view_filter ] --START--
INFO: Run Behavior\WriteHtmlCacheBehavior [ RunTime:0.001000s ]
INFO: [ view_filter ] --END-- [ RunTime:0.002000s ]
INFO: [ app_end ] --START--
INFO: Run Behavior\ShowPageTraceBehavior [ RunTime:0.002000s ]
INFO: [ app_end ] --END-- [ RunTime:0.002000s ]

[ 2017-09-17T21:14:30+08:00 ] ::1 /fourth/4.3/index/Index/upload
INFO: [ app_init ] --START--
INFO: Run Behavior\BuildLiteBehavior [ RunTime:0.001000s ]
INFO: [ app_init ] --END-- [ RunTime:0.003000s ]
INFO: [ app_begin ] --START--
INFO: Run Behavior\ReadHtmlCacheBehavior [ RunTime:0.002000s ]
INFO: [ app_begin ] --END-- [ RunTime:0.002000s ]

[ 2017-09-17T21:14:35+08:00 ] ::1 /fourth/4.3/index/Index/upload
INFO: [ app_init ] --START--
INFO: Run Behavior\BuildLiteBehavior [ RunTime:0.000000s ]
INFO: [ app_init ] --END-- [ RunTime:0.001000s ]
INFO: [ app_begin ] --START--
INFO: Run Behavior\ReadHtmlCacheBehavior [ RunTime:0.001000s ]
INFO: [ app_begin ] --END-- [ RunTime:0.002000s ]
INFO: [ view_parse ] --START--
INFO: [ template_filter ] --START--
INFO: Run Behavior\ContentReplaceBehavior [ RunTime:0.000000s ]
INFO: [ template_filter ] --END-- [ RunTime:0.001000s ]
INFO: Run Behavior\ParseTemplateBehavior [ RunTime:0.015001s ]
INFO: [ view_parse ] --END-- [ RunTime:0.015001s ]
INFO: [ view_filter ] --START--
INFO: Run Behavior\WriteHtmlCacheBehavior [ RunTime:0.001000s ]
INFO: [ view_filter ] --END-- [ RunTime:0.002000s ]
INFO: [ app_end ] --START--
INFO: Run Behavior\ShowPageTraceBehavior [ RunTime:0.003000s ]
INFO: [ app_end ] --END-- [ RunTime:0.003000s ]

[ 2017-09-17T21:14:51+08:00 ] ::1 /fourth/4.3/index/Index/upload
INFO: [ app_init ] --START--
INFO: Run Behavior\BuildLiteBehavior [ RunTime:0.000000s ]
INFO: [ app_init ] --END-- [ RunTime:0.001000s ]
INFO: [ app_begin ] --START--
INFO: Run Behavior\ReadHtmlCacheBehavior [ RunTime:0.001000s ]
INFO: [ app_begin ] --END-- [ RunTime:0.002000s ]
INFO: [ view_parse ] --START--
INFO: [ template_filter ] --START--
INFO: Run Behavior\ContentReplaceBehavior [ RunTime:0.000000s ]
INFO: [ template_filter ] --END-- [ RunTime:0.001000s ]
INFO: Run Behavior\ParseTemplateBehavior [ RunTime:0.013001s ]
INFO: [ view_parse ] --END-- [ RunTime:0.013001s ]
INFO: [ view_filter ] --START--
INFO: Run Behavior\WriteHtmlCacheBehavior [ RunTime:0.001000s ]
INFO: [ view_filter ] --END-- [ RunTime:0.001000s ]
INFO: [ app_end ] --START--
INFO: Run Behavior\ShowPageTraceBehavior [ RunTime:0.001000s ]
INFO: [ app_end ] --END-- [ RunTime:0.001000s ]

[ 2017-09-17T21:15:08+08:00 ] ::1 /fourth/4.3/index/Index/upload
INFO: [ app_init ] --START--
INFO: Run Behavior\BuildLiteBehavior [ RunTime:0.000000s ]
INFO: [ app_init ] --END-- [ RunTime:0.002000s ]
INFO: [ app_begin ] --START--
INFO: Run Behavior\ReadHtmlCacheBehavior [ RunTime:0.001000s ]
INFO: [ app_begin ] --END-- [ RunTime:0.001000s ]
INFO: [ view_parse ] --START--
INFO: [ template_filter ] --START--
INFO: Run Behavior\ContentReplaceBehavior [ RunTime:0.000000s ]
INFO: [ template_filter ] --END-- [ RunTime:0.001000s ]
INFO: Run Behavior\ParseTemplateBehavior [ RunTime:0.011000s ]
INFO: [ view_parse ] --END-- [ RunTime:0.011000s ]
INFO: [ view_filter ] --START--
INFO: Run Behavior\WriteHtmlCacheBehavior [ RunTime:0.000000s ]
INFO: [ view_filter ] --END-- [ RunTime:0.001000s ]
INFO: [ app_end ] --START--
INFO: Run Behavior\ShowPageTraceBehavior [ RunTime:0.001000s ]
INFO: [ app_end ] --END-- [ RunTime:0.001000s ]

[ 2017-09-17T21:17:45+08:00 ] ::1 /fourth/4.3/index/Index/upload
INFO: [ app_init ] --START--
INFO: Run Behavior\BuildLiteBehavior [ RunTime:0.000000s ]
INFO: [ app_init ] --END-- [ RunTime:0.001000s ]
INFO: [ app_begin ] --START--
INFO: Run Behavior\ReadHtmlCacheBehavior [ RunTime:0.001000s ]
INFO: [ app_begin ] --END-- [ RunTime:0.001000s ]
INFO: [ view_parse ] --START--
INFO: [ template_filter ] --START--
INFO: Run Behavior\ContentReplaceBehavior [ RunTime:0.000000s ]
INFO: [ template_filter ] --END-- [ RunTime:0.001000s ]
INFO: Run Behavior\ParseTemplateBehavior [ RunTime:0.012001s ]
INFO: [ view_parse ] --END-- [ RunTime:0.013001s ]
INFO: [ view_filter ] --START--
INFO: Run Behavior\WriteHtmlCacheBehavior [ RunTime:0.002000s ]
INFO: [ view_filter ] --END-- [ RunTime:0.002000s ]
INFO: [ app_end ] --START--
INFO: Run Behavior\ShowPageTraceBehavior [ RunTime:0.001000s ]
INFO: [ app_end ] --END-- [ RunTime:0.001000s ]

[ 2017-09-17T21:17:50+08:00 ] ::1 /fourth/4.3/index/Index/upload
INFO: [ app_init ] --START--
INFO: Run Behavior\BuildLiteBehavior [ RunTime:0.000000s ]
INFO: [ app_init ] --END-- [ RunTime:0.001000s ]
INFO: [ app_begin ] --START--
INFO: Run Behavior\ReadHtmlCacheBehavior [ RunTime:0.001000s ]
INFO: [ app_begin ] --END-- [ RunTime:0.002000s ]
INFO: [ view_parse ] --START--
INFO: [ template_filter ] --START--
INFO: Run Behavior\ContentReplaceBehavior [ RunTime:0.001000s ]
INFO: [ template_filter ] --END-- [ RunTime:0.001000s ]
INFO: Run Behavior\ParseTemplateBehavior [ RunTime:0.011000s ]
INFO: [ view_parse ] --END-- [ RunTime:0.012000s ]
INFO: [ view_filter ] --START--
INFO: Run Behavior\WriteHtmlCacheBehavior [ RunTime:0.001001s ]
INFO: [ view_filter ] --END-- [ RunTime:0.002001s ]
INFO: [ app_end ] --START--
INFO: Run Behavior\ShowPageTraceBehavior [ RunTime:0.002000s ]
INFO: [ app_end ] --END-- [ RunTime:0.002000s ]

