[ 2017-09-15T14:07:31+08:00 ] ::1 /fourth/4.3/index.php
NOTIC: [2] file_put_contents(./Apps/Common/): failed to open stream: No such file or directory D:\wamp64\www\fourth\4.3\ThinkPHP\Library\Think\Build.class.php 第 161 行.
NOTIC: [2] file_put_contents(./Apps/Common/Common/): failed to open stream: No such file or directory D:\wamp64\www\fourth\4.3\ThinkPHP\Library\Think\Build.class.php 第 161 行.
NOTIC: [2] file_put_contents(./Apps/Common/Conf/): failed to open stream: No such file or directory D:\wamp64\www\fourth\4.3\ThinkPHP\Library\Think\Build.class.php 第 161 行.
NOTIC: [2] file_put_contents(./Apps/Weixin/): failed to open stream: No such file or directory D:\wamp64\www\fourth\4.3\ThinkPHP\Library\Think\Build.class.php 第 161 行.
NOTIC: [2] file_put_contents(./Apps/Weixin/Common/): failed to open stream: No such file or directory D:\wamp64\www\fourth\4.3\ThinkPHP\Library\Think\Build.class.php 第 161 行.
NOTIC: [2] file_put_contents(./Apps/Weixin/Controller/): failed to open stream: No such file or directory D:\wamp64\www\fourth\4.3\ThinkPHP\Library\Think\Build.class.php 第 161 行.
NOTIC: [2] file_put_contents(./Apps/Weixin/Model/): failed to open stream: No such file or directory D:\wamp64\www\fourth\4.3\ThinkPHP\Library\Think\Build.class.php 第 161 行.
NOTIC: [2] file_put_contents(./Apps/Weixin/Conf/): failed to open stream: No such file or directory D:\wamp64\www\fourth\4.3\ThinkPHP\Library\Think\Build.class.php 第 161 行.
NOTIC: [2] file_put_contents(./Apps/Weixin/View/): failed to open stream: No such file or directory D:\wamp64\www\fourth\4.3\ThinkPHP\Library\Think\Build.class.php 第 161 行.
NOTIC: [2] file_put_contents(./Apps/Runtime/): failed to open stream: No such file or directory D:\wamp64\www\fourth\4.3\ThinkPHP\Library\Think\Build.class.php 第 161 行.
NOTIC: [2] file_put_contents(./Apps/Runtime/Cache/): failed to open stream: No such file or directory D:\wamp64\www\fourth\4.3\ThinkPHP\Library\Think\Build.class.php 第 161 行.
NOTIC: [2] file_put_contents(./Apps/Runtime/Cache/Weixin/): failed to open stream: No such file or directory D:\wamp64\www\fourth\4.3\ThinkPHP\Library\Think\Build.class.php 第 161 行.
NOTIC: [2] file_put_contents(./Apps/Runtime/Logs/): failed to open stream: No such file or directory D:\wamp64\www\fourth\4.3\ThinkPHP\Library\Think\Build.class.php 第 161 行.
NOTIC: [2] file_put_contents(./Apps/Runtime/Logs/Weixin/): failed to open stream: No such file or directory D:\wamp64\www\fourth\4.3\ThinkPHP\Library\Think\Build.class.php 第 161 行.
NOTIC: [2] file_put_contents(./Apps/Runtime/Temp/): failed to open stream: No such file or directory D:\wamp64\www\fourth\4.3\ThinkPHP\Library\Think\Build.class.php 第 161 行.
NOTIC: [2] file_put_contents(./Apps/Runtime/Data/): failed to open stream: No such file or directory D:\wamp64\www\fourth\4.3\ThinkPHP\Library\Think\Build.class.php 第 161 行.
INFO: [ app_init ] --START--
INFO: Run Behavior\BuildLiteBehavior [ RunTime:0.000000s ]
INFO: [ app_init ] --END-- [ RunTime:0.000000s ]
INFO: [ app_begin ] --START--
INFO: Run Behavior\ReadHtmlCacheBehavior [ RunTime:0.001000s ]
INFO: [ app_begin ] --END-- [ RunTime:0.001000s ]
INFO: [ view_parse ] --START--
INFO: [ template_filter ] --START--
INFO: Run Behavior\ContentReplaceBehavior [ RunTime:0.000000s ]
INFO: [ template_filter ] --END-- [ RunTime:0.000000s ]
INFO: Run Behavior\ParseTemplateBehavior [ RunTime:0.010001s ]
INFO: [ view_parse ] --END-- [ RunTime:0.010001s ]
INFO: [ view_filter ] --START--
INFO: Run Behavior\WriteHtmlCacheBehavior [ RunTime:0.000000s ]
INFO: [ view_filter ] --END-- [ RunTime:0.001000s ]
INFO: [ app_end ] --START--
INFO: Run Behavior\ShowPageTraceBehavior [ RunTime:0.001000s ]
INFO: [ app_end ] --END-- [ RunTime:0.001000s ]

[ 2017-09-15T14:38:38+08:00 ] ::1 /fourth/4.3/index.php
INFO: [ app_init ] --START--
INFO: Run Behavior\BuildLiteBehavior [ RunTime:0.000000s ]
INFO: [ app_init ] --END-- [ RunTime:0.011001s ]

